This is pdfTeX, Version 3.14159265-2.6-1.40.20 (MiKTeX 2.9.7000 64-bit) (preloaded format=pdflatex 2019.5.5)  23 AUG 2019 20:22
entering extended mode
**./share.tex
(share.tex
LaTeX2e <2018-12-01>
(C:\Users\4175a\AppData\Roaming\MiKTeX\2.9\tex/latex/ieeetran\IEEEtran.cls
Document Class: IEEEtran 2015/08/26 V1.8b by Michael Shell
-- See the "IEEEtran_HOWTO" manual for usage information.
-- http://www.michaelshell.org/tex/ieeetran/
\@IEEEtrantmpdimenA=\dimen102
\@IEEEtrantmpdimenB=\dimen103
\@IEEEtrantmpdimenC=\dimen104
\@IEEEtrantmpcountA=\count80
\@IEEEtrantmpcountB=\count81
\@IEEEtrantmpcountC=\count82
\@IEEEtrantmptoksA=\toks14
LaTeX Font Info:    Try loading font information for OT1+ptm on input line 503.

("C:\Program Files\MiKTeX 2.9\tex/latex/psnfss\ot1ptm.fd"
File: ot1ptm.fd 2001/06/04 font definitions for OT1/ptm.
)
** ATTENTION: Single column mode is not typically used with IEEE publications.
-- Using 8.5in x 11in (letter) paper.
-- Using PDF output.
\@IEEEnormalsizeunitybaselineskip=\dimen105
-- This is a 10 point document.
\CLASSINFOnormalsizebaselineskip=\dimen106
\CLASSINFOnormalsizeunitybaselineskip=\dimen107
\IEEEnormaljot=\dimen108
LaTeX Font Info:    Font shape `OT1/ptm/bx/n' in size <5> not available
(Font)              Font shape `OT1/ptm/b/n' tried instead on input line 1090.
LaTeX Font Info:    Font shape `OT1/ptm/bx/it' in size <5> not available
(Font)              Font shape `OT1/ptm/b/it' tried instead on input line 1090.

LaTeX Font Info:    Font shape `OT1/ptm/bx/n' in size <7> not available
(Font)              Font shape `OT1/ptm/b/n' tried instead on input line 1090.
LaTeX Font Info:    Font shape `OT1/ptm/bx/it' in size <7> not available
(Font)              Font shape `OT1/ptm/b/it' tried instead on input line 1090.

LaTeX Font Info:    Font shape `OT1/ptm/bx/n' in size <8> not available
(Font)              Font shape `OT1/ptm/b/n' tried instead on input line 1090.
LaTeX Font Info:    Font shape `OT1/ptm/bx/it' in size <8> not available
(Font)              Font shape `OT1/ptm/b/it' tried instead on input line 1090.

LaTeX Font Info:    Font shape `OT1/ptm/bx/n' in size <9> not available
(Font)              Font shape `OT1/ptm/b/n' tried instead on input line 1090.
LaTeX Font Info:    Font shape `OT1/ptm/bx/it' in size <9> not available
(Font)              Font shape `OT1/ptm/b/it' tried instead on input line 1090.

LaTeX Font Info:    Font shape `OT1/ptm/bx/n' in size <10> not available
(Font)              Font shape `OT1/ptm/b/n' tried instead on input line 1090.
LaTeX Font Info:    Font shape `OT1/ptm/bx/it' in size <10> not available
(Font)              Font shape `OT1/ptm/b/it' tried instead on input line 1090.

LaTeX Font Info:    Font shape `OT1/ptm/bx/n' in size <11> not available
(Font)              Font shape `OT1/ptm/b/n' tried instead on input line 1090.
LaTeX Font Info:    Font shape `OT1/ptm/bx/it' in size <11> not available
(Font)              Font shape `OT1/ptm/b/it' tried instead on input line 1090.

LaTeX Font Info:    Font shape `OT1/ptm/bx/n' in size <12> not available
(Font)              Font shape `OT1/ptm/b/n' tried instead on input line 1090.
LaTeX Font Info:    Font shape `OT1/ptm/bx/it' in size <12> not available
(Font)              Font shape `OT1/ptm/b/it' tried instead on input line 1090.

LaTeX Font Info:    Font shape `OT1/ptm/bx/n' in size <17> not available
(Font)              Font shape `OT1/ptm/b/n' tried instead on input line 1090.
LaTeX Font Info:    Font shape `OT1/ptm/bx/it' in size <17> not available
(Font)              Font shape `OT1/ptm/b/it' tried instead on input line 1090.

LaTeX Font Info:    Font shape `OT1/ptm/bx/n' in size <20> not available
(Font)              Font shape `OT1/ptm/b/n' tried instead on input line 1090.
LaTeX Font Info:    Font shape `OT1/ptm/bx/it' in size <20> not available
(Font)              Font shape `OT1/ptm/b/it' tried instead on input line 1090.

LaTeX Font Info:    Font shape `OT1/ptm/bx/n' in size <24> not available
(Font)              Font shape `OT1/ptm/b/n' tried instead on input line 1090.
LaTeX Font Info:    Font shape `OT1/ptm/bx/it' in size <24> not available
(Font)              Font shape `OT1/ptm/b/it' tried instead on input line 1090.

\IEEEquantizedlength=\dimen109
\IEEEquantizedlengthdiff=\dimen110
\IEEEquantizedtextheightdiff=\dimen111
\IEEEilabelindentA=\dimen112
\IEEEilabelindentB=\dimen113
\IEEEilabelindent=\dimen114
\IEEEelabelindent=\dimen115
\IEEEdlabelindent=\dimen116
\IEEElabelindent=\dimen117
\IEEEiednormlabelsep=\dimen118
\IEEEiedmathlabelsep=\dimen119
\IEEEiedtopsep=\skip41
\c@section=\count83
\c@subsection=\count84
\c@subsubsection=\count85
\c@paragraph=\count86
\c@IEEEsubequation=\count87
\abovecaptionskip=\skip42
\belowcaptionskip=\skip43
\c@figure=\count88
\c@table=\count89
\@IEEEeqnnumcols=\count90
\@IEEEeqncolcnt=\count91
\@IEEEsubeqnnumrollback=\count92
\@IEEEquantizeheightA=\dimen120
\@IEEEquantizeheightB=\dimen121
\@IEEEquantizeheightC=\dimen122
\@IEEEquantizeprevdepth=\dimen123
\@IEEEquantizemultiple=\count93
\@IEEEquantizeboxA=\box27
\@IEEEtmpitemindent=\dimen124
\IEEEPARstartletwidth=\dimen125
\c@IEEEbiography=\count94
\@IEEEtranrubishbin=\box28
) ("C:\Program Files\MiKTeX 2.9\tex/latex/graphics\graphicx.sty"
Package: graphicx 2017/06/01 v1.1a Enhanced LaTeX Graphics (DPC,SPQR)

("C:\Program Files\MiKTeX 2.9\tex/latex/graphics\keyval.sty"
Package: keyval 2014/10/28 v1.15 key=value parser (DPC)
\KV@toks@=\toks15
)
("C:\Program Files\MiKTeX 2.9\tex/latex/graphics\graphics.sty"
Package: graphics 2017/06/25 v1.2c Standard LaTeX Graphics (DPC,SPQR)

("C:\Program Files\MiKTeX 2.9\tex/latex/graphics\trig.sty"
Package: trig 2016/01/03 v1.10 sin cos tan (DPC)
)
("C:\Program Files\MiKTeX 2.9\tex/latex/graphics-cfg\graphics.cfg"
File: graphics.cfg 2016/06/04 v1.11 sample graphics configuration
)
Package graphics Info: Driver file: pdftex.def on input line 99.

("C:\Program Files\MiKTeX 2.9\tex/latex/graphics-def\pdftex.def"
File: pdftex.def 2018/01/08 v1.0l Graphics/color driver for pdftex
))
\Gin@req@height=\dimen126
\Gin@req@width=\dimen127
)
(C:\Users\4175a\AppData\Roaming\MiKTeX\2.9\tex/latex/algorithms\algorithm.sty
Package: algorithm 2009/08/24 v0.1 Document Style `algorithm' - floating enviro
nment

("C:\Program Files\MiKTeX 2.9\tex/latex/float\float.sty"
Package: float 2001/11/08 v1.3d Float enhancements (AL)
\c@float@type=\count95
\float@exts=\toks16
\float@box=\box29
\@float@everytoks=\toks17
\@floatcapt=\box30
)
("C:\Program Files\MiKTeX 2.9\tex/latex/base\ifthen.sty"
Package: ifthen 2014/09/29 v1.1c Standard LaTeX ifthen package (DPC)
)
\@float@every@algorithm=\toks18
\c@algorithm=\count96
)
(C:\Users\4175a\AppData\Roaming\MiKTeX\2.9\tex/latex/algorithmicx\algpseudocode
.sty
Package: algpseudocode 

(C:\Users\4175a\AppData\Roaming\MiKTeX\2.9\tex/latex/algorithmicx\algorithmicx.
sty
Package: algorithmicx 2005/04/27 v1.2 Algorithmicx

Document Style algorithmicx 1.2 - a greatly improved `algorithmic' style
\c@ALG@line=\count97
\c@ALG@rem=\count98
\c@ALG@nested=\count99
\ALG@tlm=\skip44
\ALG@thistlm=\skip45
\c@ALG@Lnr=\count100
\c@ALG@blocknr=\count101
\c@ALG@storecount=\count102
\c@ALG@tmpcounter=\count103
\ALG@tmplength=\skip46
)
Document Style - pseudocode environments for use with the `algorithmicx' style
) ("C:\Program Files\MiKTeX 2.9\tex/latex/psnfss\pifont.sty"
Package: pifont 2005/04/12 PSNFSS-v9.2a Pi font support (SPQR) 
LaTeX Font Info:    Try loading font information for U+pzd on input line 63.

("C:\Program Files\MiKTeX 2.9\tex/latex/psnfss\upzd.fd"
File: upzd.fd 2001/06/04 font definitions for U/pzd.
)
LaTeX Font Info:    Try loading font information for U+psy on input line 64.

("C:\Program Files\MiKTeX 2.9\tex/latex/psnfss\upsy.fd"
File: upsy.fd 2001/06/04 font definitions for U/psy.
)) (share.aux)
\openout1 = `share.aux'.

LaTeX Font Info:    Checking defaults for OML/cmm/m/it on input line 12.
LaTeX Font Info:    ... okay on input line 12.
LaTeX Font Info:    Checking defaults for T1/cmr/m/n on input line 12.
LaTeX Font Info:    ... okay on input line 12.
LaTeX Font Info:    Checking defaults for OT1/cmr/m/n on input line 12.
LaTeX Font Info:    ... okay on input line 12.
LaTeX Font Info:    Checking defaults for OMS/cmsy/m/n on input line 12.
LaTeX Font Info:    ... okay on input line 12.
LaTeX Font Info:    Checking defaults for OMX/cmex/m/n on input line 12.
LaTeX Font Info:    ... okay on input line 12.
LaTeX Font Info:    Checking defaults for U/cmr/m/n on input line 12.
LaTeX Font Info:    ... okay on input line 12.

-- Lines per column: 56 (exact).
(C:\Users\4175a\AppData\Roaming\MiKTeX\2.9\tex/context/base/mkii\supp-pdf.mkii
[Loading MPS to PDF converter (version 2006.09.02).]
\scratchcounter=\count104
\scratchdimen=\dimen128
\scratchbox=\box31
\nofMPsegments=\count105
\nofMParguments=\count106
\everyMPshowfont=\toks19
\MPscratchCnt=\count107
\MPscratchDim=\dimen129
\MPnumerator=\count108
\makeMPintoPDFobject=\count109
\everyMPtoPDFconversion=\toks20
) ("C:\Program Files\MiKTeX 2.9\tex/latex/oberdiek\epstopdf-base.sty"
Package: epstopdf-base 2016/05/15 v2.6 Base part for package epstopdf

("C:\Program Files\MiKTeX 2.9\tex/generic/oberdiek\infwarerr.sty"
Package: infwarerr 2016/05/16 v1.4 Providing info/warning/error messages (HO)
)
("C:\Program Files\MiKTeX 2.9\tex/latex/oberdiek\grfext.sty"
Package: grfext 2016/05/16 v1.2 Manage graphics extensions (HO)

("C:\Program Files\MiKTeX 2.9\tex/generic/oberdiek\kvdefinekeys.sty"
Package: kvdefinekeys 2016/05/16 v1.4 Define keys (HO)

("C:\Program Files\MiKTeX 2.9\tex/generic/oberdiek\ltxcmds.sty"
Package: ltxcmds 2016/05/16 v1.23 LaTeX kernel commands for general use (HO)
)))
("C:\Program Files\MiKTeX 2.9\tex/latex/oberdiek\kvoptions.sty"
Package: kvoptions 2016/05/16 v3.12 Key value format for package options (HO)

("C:\Program Files\MiKTeX 2.9\tex/generic/oberdiek\kvsetkeys.sty"
Package: kvsetkeys 2016/05/16 v1.17 Key value parser (HO)

("C:\Program Files\MiKTeX 2.9\tex/generic/oberdiek\etexcmds.sty"
Package: etexcmds 2016/05/16 v1.6 Avoid name clashes with e-TeX commands (HO)

("C:\Program Files\MiKTeX 2.9\tex/generic/oberdiek\ifluatex.sty"
Package: ifluatex 2016/05/16 v1.4 Provides the ifluatex switch (HO)
Package ifluatex Info: LuaTeX not detected.
))))
("C:\Program Files\MiKTeX 2.9\tex/generic/oberdiek\pdftexcmds.sty"
Package: pdftexcmds 2018/09/10 v0.29 Utility functions of pdfTeX for LuaTeX (HO
)

("C:\Program Files\MiKTeX 2.9\tex/generic/oberdiek\ifpdf.sty"
Package: ifpdf 2018/09/07 v3.3 Provides the ifpdf switch
)
Package pdftexcmds Info: LuaTeX not detected.
Package pdftexcmds Info: \pdf@primitive is available.
Package pdftexcmds Info: \pdf@ifprimitive is available.
Package pdftexcmds Info: \pdfdraftmode found.
)
Package epstopdf-base Info: Redefining graphics rule for `.eps' on input line 4
38.
Package grfext Info: Graphics extension search list:
(grfext)             [.pdf,.png,.jpg,.mps,.jpeg,.jbig2,.jb2,.PDF,.PNG,.JPG,.JPE
G,.JBIG2,.JB2,.eps]
(grfext)             \AppendGraphicsExtensions on input line 456.
)

** Conference Paper **
Before submitting the final camera ready copy, remember to:

 1. Manually equalize the lengths of two columns on the last page
 of your paper;

 2. Ensure that any PostScript and/or PDF output post-processing
 uses only Type 1 fonts and that every step in the generation
 process uses the appropriate paper size.

[1{C:/Users/4175a/AppData/Local/MiKTeX/2.9/pdftex/config/pdftex.map}]
(share.aux) ) 
Here is how much of TeX's memory you used:
 2879 strings out of 492945
 46411 string characters out of 3139513
 111737 words of memory out of 3000000
 6754 multiletter control sequences out of 15000+200000
 33737 words of font info for 64 fonts, out of 3000000 for 9000
 1144 hyphenation exceptions out of 8191
 41i,5n,25p,274b,164s stack positions out of 5000i,500n,10000p,200000b,50000s
{C:/Program Files/MiKTeX 2.9/fonts/enc/dvips/base/8r.enc}<C:/Progr
am Files/MiKTeX 2.9/fonts/type1/urw/times/utmb8a.pfb><C:/Program Files/MiKTeX 2
.9/fonts/type1/urw/times/utmr8a.pfb><C:/Program Files/MiKTeX 2.9/fonts/type1/ur
w/times/utmri8a.pfb>
Output written on share.pdf (1 page, 30428 bytes).
PDF statistics:
 19 PDF objects out of 1000 (max. 8388607)
 0 named destinations out of 1000 (max. 500000)
 1 words of extra memory for PDF output out of 10000 (max. 10000000)

